<?xml version="1.0" encoding="UTF-8"?>
<!-- Generated by org.testng.reporters.JUnitReportReporter -->
<testsuite hostname="DESKTOP-L3U3DAD" failures="0" tests="2" name="project.project.AppTest" time="5.103" errors="0" timestamp="2025-04-18T15:52:20 GMT+03:00" skipped="0">
  <testcase classname="project.project.AppTest" name="scrollTest" time="4.063"/>
  <testcase classname="project.project.AppTest" name="fillingTheInputFields" time="1.040"/>
</testsuite> <!-- project.project.AppTest -->
